<?xml version="1.0" encoding="UTF-8" ?>
<testsuite errors="0" failures="0" hostname="personal-pc" name="HelloWorldTest" skipped="0" tests="4" time="1.927" timestamp="2016-11-05T21:39:58">
  <properties>
    <property name="java.vendor" value="Oracle Corporation" />
    <property name="lib.dir" value="lib" />
    <property name="sun.java.launcher" value="SUN_STANDARD" />
    <property name="ant.test.lib" value="ant-testutil.jar" />
    <property name="sun.management.compiler" value="HotSpot 64-Bit Tiered Compilers" />
    <property name="os.name" value="Windows 8.1" />
    <property name="sun.boot.class.path" value="C:\Program Files\Java\jdk1.8.0_60\jre\lib\resources.jar;C:\Program Files\Java\jdk1.8.0_60\jre\lib\rt.jar;C:\Program Files\Java\jdk1.8.0_60\jre\lib\sunrsasign.jar;C:\Program Files\Java\jdk1.8.0_60\jre\lib\jsse.jar;C:\Program Files\Java\jdk1.8.0_60\jre\lib\jce.jar;C:\Program Files\Java\jdk1.8.0_60\jre\lib\charsets.jar;C:\Program Files\Java\jdk1.8.0_60\jre\lib\jfr.jar;C:\Program Files\Java\jdk1.8.0_60\jre\classes" />
    <property name="sun.desktop" value="windows" />
    <property name="java.vm.specification.vendor" value="Oracle Corporation" />
    <property name="ant.home" value="C:/apache-ant-1.9.7" />
    <property name="java.runtime.version" value="1.8.0_60-b27" />
    <property name="user.name" value="kingod180" />
    <property name="junit.out.dir.html" value="report/junit/html" />
    <property name="user.language" value="en" />
    <property name="sun.boot.library.path" value="C:\Program Files\Java\jdk1.8.0_60\jre\bin" />
    <property name="ant.project.default-target" value="use" />
    <property name="ant.project.name" value="MyTask" />
    <property name="junit.out.dir.xml" value="report/junit/xml" />
    <property name="java.version" value="1.8.0_60" />
    <property name="user.timezone" value="" />
    <property name="sun.arch.data.model" value="64" />
    <property name="java.endorsed.dirs" value="C:\Program Files\Java\jdk1.8.0_60\jre\lib\endorsed" />
    <property name="sun.cpu.isalist" value="amd64" />
    <property name="sun.jnu.encoding" value="Cp1252" />
    <property name="file.encoding.pkg" value="sun.io" />
    <property name="file.separator" value="\" />
    <property name="java.specification.name" value="Java Platform API Specification" />
    <property name="classes.dir" value="classes" />
    <property name="java.class.version" value="52.0" />
    <property name="user.country" value="US" />
    <property name="java.home" value="C:\Program Files\Java\jdk1.8.0_60\jre" />
    <property name="java.vm.info" value="mixed mode" />
    <property name="ant.file" value="C:\Users\kingod180\ant-tutorial-writing-tasks\build.xml" />
    <property name="os.version" value="6.3" />
    <property name="path.separator" value=";" />
    <property name="java.vm.version" value="25.60-b23" />
    <property name="report.dir" value="report" />
    <property name="user.variant" value="" />
    <property name="ant.library.dir" value="C:/apache-ant-1.9.7/lib" />
    <property name="java.awt.printerjob" value="sun.awt.windows.WPrinterJob" />
    <property name="sun.io.unicode.encoding" value="UnicodeLittle" />
    <property name="ant.file.MyTask" value="C:\Users\kingod180\ant-tutorial-writing-tasks\build.xml" />
    <property name="awt.toolkit" value="sun.awt.windows.WToolkit" />
    <property name="user.script" value="" />
    <property name="user.home" value="C:\Users\kingod180" />
    <property name="java.specification.vendor" value="Oracle Corporation" />
    <property name="java.library.path" value="C:\Program Files\Java\jdk1.8.0_60\jre\bin;C:\Windows\Sun\Java\bin;C:\Windows\system32;C:\Windows;C:\Users\kingod180\bin;C:\Program Files\Git\mingw64\bin;C:\Program Files\Git\usr\local\bin;C:\Program Files\Git\usr\bin;C:\Program Files\Git\usr\bin;C:\Program Files\Git\mingw64\bin;C:\Program Files\Git\usr\bin;C:\Users\kingod180\bin;C:\ProgramData\Oracle\Java\javapath;C:\Program Files (x86)\Intel\TXE Components\TCS;C:\Program Files\Intel\TXE Components\TCS;C:\Windows\system32;C:\Windows;C:\Windows\System32\Wbem;C:\Windows\System32\WindowsPowerShell\v1.0;C:\Program Files (x86)\git\cmd;C:\Program Files\PostgreSQL\9.4\bin;C:\Program Files (x86)\Heroku\bin;C:\Program Files\nodejs;C:\Program Files\Git\cmd;C:\Program Files\Git\mingw64\bin;C:\Program Files\Git\usr\bin;C:\Program Files\Amazon\AWSCLI;C:\apache-ant-1.9.7\bin;C:\Program Files\Java\jdk1.8.0_60\bin;C:\Users\kingod180\Documents\apache-maven-3.3.3\bin;C:\Users\kingod180\AppData\Roaming\npm;C:\Program Files\Git\usr\bin\vendor_perl;C:\Program Files\Git\usr\bin\core_perl;." />
    <property name="java.vendor.url" value="http://java.oracle.com/" />
    <property name="java.vm.vendor" value="Oracle Corporation" />
    <property name="java.runtime.name" value="Java(TM) SE Runtime Environment" />
    <property name="sun.java.command" value="org.apache.tools.ant.taskdefs.optional.junit.JUnitTestRunner HelloWorldTest skipNonTests=false filtertrace=true haltOnError=false haltOnFailure=false formatter=org.apache.tools.ant.taskdefs.optional.junit.SummaryJUnitResultFormatter showoutput=false outputtoformatters=true logfailedtests=true threadid=0 logtestlistenerevents=false formatter=org.apache.tools.ant.taskdefs.optional.junit.XMLJUnitResultFormatter,C:\Users\kingod180\ant-tutorial-writing-tasks\report\junit\xml\TEST-HelloWorldTest.xml crashfile=C:\Users\kingod180\ant-tutorial-writing-tasks\junitvmwatcher3657623955808240468.properties propsfile=C:\Users\kingod180\ant-tutorial-writing-tasks\junit2364727893173670322.properties" />
    <property name="java.class.path" value="C:\apache-ant-1.9.7\lib\ant-launcher.jar;C:\apache-ant-1.9.7\lib\ant-antlr.jar;C:\apache-ant-1.9.7\lib\ant-apache-bcel.jar;C:\apache-ant-1.9.7\lib\ant-apache-bsf.jar;C:\apache-ant-1.9.7\lib\ant-apache-log4j.jar;C:\apache-ant-1.9.7\lib\ant-apache-oro.jar;C:\apache-ant-1.9.7\lib\ant-apache-regexp.jar;C:\apache-ant-1.9.7\lib\ant-apache-resolver.jar;C:\apache-ant-1.9.7\lib\ant-apache-xalan2.jar;C:\apache-ant-1.9.7\lib\ant-commons-logging.jar;C:\apache-ant-1.9.7\lib\ant-commons-net.jar;C:\apache-ant-1.9.7\lib\ant-jai.jar;C:\apache-ant-1.9.7\lib\ant-javamail.jar;C:\apache-ant-1.9.7\lib\ant-jdepend.jar;C:\apache-ant-1.9.7\lib\ant-jmf.jar;C:\apache-ant-1.9.7\lib\ant-jsch.jar;C:\apache-ant-1.9.7\lib\ant-junit.jar;C:\apache-ant-1.9.7\lib\ant-junit4.jar;C:\apache-ant-1.9.7\lib\ant-netrexx.jar;C:\apache-ant-1.9.7\lib\ant-swing.jar;C:\apache-ant-1.9.7\lib\ant-testutil.jar;C:\apache-ant-1.9.7\lib\ant.jar;C:\Program Files\Java\jdk1.8.0_60\lib\tools.jar;C:\Users\kingod180\ant-tutorial-writing-tasks\MyTask.jar;C:\Users\kingod180\ant-tutorial-writing-tasks\lib\hamcrest-core-1.3.jar;C:\Users\kingod180\ant-tutorial-writing-tasks\lib\junit-4.12.jar" />
    <property name="ant.version" value="Apache Ant(TM) version 1.9.7 compiled on April 9 2016" />
    <property name="java.vm.specification.name" value="Java Virtual Machine Specification" />
    <property name="ant.file.type" value="file" />
    <property name="java.vm.specification.version" value="1.8" />
    <property name="sun.cpu.endian" value="little" />
    <property name="sun.os.patch.level" value="" />
    <property name="java.io.tmpdir" value="C:\Users\KINGOD~1\AppData\Local\Temp\" />
    <property name="java.vendor.url.bug" value="http://bugreport.sun.com/bugreport/" />
    <property name="os.arch" value="amd64" />
    <property name="java.awt.graphicsenv" value="sun.awt.Win32GraphicsEnvironment" />
    <property name="java.ext.dirs" value="C:\Program Files\Java\jdk1.8.0_60\jre\lib\ext;C:\Windows\Sun\Java\lib\ext" />
    <property name="user.dir" value="C:\Users\kingod180\ant-tutorial-writing-tasks" />
    <property name="ant.file.type.MyTask" value="file" />
    <property name="line.separator" value="&#xd;&#xa;" />
    <property name="java.vm.name" value="Java HotSpot(TM) 64-Bit Server VM" />
    <property name="basedir" value="C:\Users\kingod180\ant-tutorial-writing-tasks" />
    <property name="ant.java.version" value="1.8" />
    <property name="ant.core.lib" value="C:\apache-ant-1.9.7\lib\ant.jar" />
    <property name="file.encoding" value="Cp1252" />
    <property name="java.specification.version" value="1.8" />
    <property name="src.dir" value="src" />
    <property name="ant.project.invoked-targets" value="test" />
  </properties>
  <testcase classname="HelloWorldTest" name="testNestedElement" time="1.029" />
  <testcase classname="HelloWorldTest" name="testNestedText" time="0.252" />
  <testcase classname="HelloWorldTest" name="testMessage" time="0.254" />
  <testcase classname="HelloWorldTest" name="testWithout" time="0.197" />
  <system-out><![CDATA[]]></system-out>
  <system-err><![CDATA[]]></system-err>
</testsuite>
